This is TeX, Version 3.14159 (Web2C 7.4.5) (format=latex 2005.1.22)  6 MAY 2005 13:14
**espec_manual1.tex
(./espec_manual1.tex
LaTeX2e <2001/06/01>
Babel <v3.7h> and hyphenation patterns for american, french, german, ngerman, n
ohyphenation, loaded.
(/usr/share/texmf/tex/latex/base/article.cls
Document Class: article 2001/04/21 v1.4e Standard LaTeX document class
(/usr/share/texmf/tex/latex/base/size11.clo
File: size11.clo 2001/04/21 v1.4e Standard LaTeX file (size option)
)
\c@part=\count79
\c@section=\count80
\c@subsection=\count81
\c@subsubsection=\count82
\c@paragraph=\count83
\c@subparagraph=\count84
\c@figure=\count85
\c@table=\count86
\abovecaptionskip=\skip41
\belowcaptionskip=\skip42
\bibindent=\dimen102
)
(/usr/share/texmf/tex/latex/amsmath/amsbsy.sty
Package: amsbsy 1999/11/29 v1.2d

(/usr/share/texmf/tex/latex/amsmath/amsgen.sty
File: amsgen.sty 1999/11/30 v2.0
\@emptytoks=\toks14
\ex@=\dimen103
)
\pmbraise@=\dimen104
)
(/usr/share/texmf/tex/latex/amsfonts/amssymb.sty
Package: amssymb 2002/01/22 v2.2d

(/usr/share/texmf/tex/latex/amsfonts/amsfonts.sty
Package: amsfonts 2001/10/25 v2.2f
\symAMSa=\mathgroup4
\symAMSb=\mathgroup5
LaTeX Font Info:    Overwriting math alphabet `\mathfrak' in version `bold'
(Font)                  U/euf/m/n --> U/euf/b/n on input line 132.
))
(/usr/share/texmf/tex/latex/amsmath/amsmath.sty
Package: amsmath 2000/07/18 v2.13 AMS math features
\@mathmargin=\skip43

For additional information on amsmath, use the `?' option.
(/usr/share/texmf/tex/latex/amsmath/amstext.sty
Package: amstext 2000/06/29 v2.01
)
(/usr/share/texmf/tex/latex/amsmath/amsopn.sty
Package: amsopn 1999/12/14 v2.01 operator names
)
\inf@bad=\count87
LaTeX Info: Redefining \frac on input line 211.
\uproot@=\count88
\leftroot@=\count89
LaTeX Info: Redefining \overline on input line 307.
\classnum@=\count90
\DOTSCASE@=\count91
LaTeX Info: Redefining \ldots on input line 379.
LaTeX Info: Redefining \dots on input line 382.
LaTeX Info: Redefining \cdots on input line 467.
\Mathstrutbox@=\box26
\strutbox@=\box27
\big@size=\dimen105
LaTeX Font Info:    Redeclaring font encoding OML on input line 567.
LaTeX Font Info:    Redeclaring font encoding OMS on input line 568.
\macc@depth=\count92
\c@MaxMatrixCols=\count93
\dotsspace@=\muskip10
\c@parentequation=\count94
\dspbrk@lvl=\count95
\tag@help=\toks15
\row@=\count96
\column@=\count97
\maxfields@=\count98
\andhelp@=\toks16
\eqnshift@=\dimen106
\alignsep@=\dimen107
\tagshift@=\dimen108
\tagwidth@=\dimen109
\totwidth@=\dimen110
\lineht@=\dimen111
\@envbody=\toks17
\multlinegap=\skip44
\multlinetaggap=\skip45
\mathdisplay@stack=\toks18
LaTeX Info: Redefining \[ on input line 2666.
LaTeX Info: Redefining \] on input line 2667.
)
(/usr/share/texmf/tex/latex/graphics/graphicx.sty
Package: graphicx 1999/02/16 v1.0f Enhanced LaTeX Graphics (DPC,SPQR)

(/usr/share/texmf/tex/latex/graphics/keyval.sty
Package: keyval 1999/03/16 v1.13 key=value parser (DPC)
\KV@toks@=\toks19
)
(/usr/share/texmf/tex/latex/graphics/graphics.sty
Package: graphics 2001/07/07 v1.0n Standard LaTeX Graphics (DPC,SPQR)

(/usr/share/texmf/tex/latex/graphics/trig.sty
Package: trig 1999/03/16 v1.09 sin cos tan (DPC)
)
(/usr/share/texmf/tex/latex/config/graphics.cfg
File: graphics.cfg 2001/08/31 v1.1 graphics configuration of teTeX/TeXLive
)
Package graphics Info: Driver file: dvips.def on input line 80.

(/usr/share/texmf/tex/latex/graphics/dvips.def
File: dvips.def 1999/02/16 v3.0i Driver-dependant file (DPC,SPQR)
))
\Gin@req@height=\dimen112
\Gin@req@width=\dimen113
)
(/usr/share/texmf/tex/latex/misc/float.sty
Package: float 2001/11/08 v1.3d Float enhancements (AL)
\c@float@type=\count99
\float@exts=\toks20
\float@box=\box28
\@float@everytoks=\toks21
\@floatcapt=\box29
)
(/usr/share/texmf/tex/latex/html/url.sty
Package: url 1999/03/02  ver 1.4  Verb mode for urls, email addresses, and file
 names
)
(/usr/share/texmf/tex/latex/tools/indentfirst.sty
Package: indentfirst 1995/11/23 v1.03 Indent first paragraph (DPC)
)
(/usr/share/texmf/tex/latex/misc/geometry.sty
Package: geometry 2002/07/08 v3.2 Page Geometry
\Gm@cnth=\count100
\Gm@cntv=\count101
\c@Gm@tempcnt=\count102
\Gm@bindingoffset=\dimen114
\Gm@wd@mp=\dimen115
\Gm@odd@mp=\dimen116
\Gm@even@mp=\dimen117
\Gm@dimlist=\toks22

(/usr/share/texmf/tex/latex/config/geometry.cfg
File: geometry.cfg 2001/06/05 v1.0 teTeX (uncustomised setup)
)) (./espec_manual1.aux

LaTeX Warning: Label `eq:ohs1' multiply defined.


LaTeX Warning: Label `eq:ohs1' multiply defined.


LaTeX Warning: Label `eq:omegak' multiply defined.

)
\openout1 = `espec_manual1.aux'.

LaTeX Font Info:    Checking defaults for OML/cmm/m/it on input line 11.
LaTeX Font Info:    ... okay on input line 11.
LaTeX Font Info:    Checking defaults for T1/cmr/m/n on input line 11.
LaTeX Font Info:    ... okay on input line 11.
LaTeX Font Info:    Checking defaults for OT1/cmr/m/n on input line 11.
LaTeX Font Info:    ... okay on input line 11.
LaTeX Font Info:    Checking defaults for OMS/cmsy/m/n on input line 11.
LaTeX Font Info:    ... okay on input line 11.
LaTeX Font Info:    Checking defaults for OMX/cmex/m/n on input line 11.
LaTeX Font Info:    ... okay on input line 11.
LaTeX Font Info:    Checking defaults for U/cmr/m/n on input line 11.
LaTeX Font Info:    ... okay on input line 11.
-------------------- Geometry parameters
paper: a4paper
landscape: --
twocolumn: --
twoside: --
asymmetric: --
h-parts: 89.62709pt, 0.7\paperwidth , 89.6271pt (default)
v-parts: 101.40665pt, 0.7\paperheight , 152.11pt (default)
hmarginratio: 1:1
vmarginratio: 2:3
lines: --
heightrounded: --
bindingoffset: 0.0pt
truedimen: --
includehead: --
includefoot: --
includemp: --
driver: 
-------------------- Page layout dimensions and switches
\paperwidth  597.50787pt
\paperheight 845.04684pt
\textwidth  418.25368pt
\textheight 702.78307pt
\oddsidemargin  17.3571pt
\evensidemargin 17.3571pt
\topmargin  -42.67912pt
\headheight 12.0pt
\headsep    25.0pt
\footskip   30.0pt
\marginparwidth 50.0pt
\marginparsep   10.0pt
\columnsep  10.0pt
\skip\footins  10.0pt plus 4.0pt minus 2.0pt
\hoffset 0.0pt
\voffset 0.0pt
\mag 1000

(1in=72.27pt, 1cm=28.45pt)
-----------------------
LaTeX Font Info:    Try loading font information for U+msa on input line 19.
 (/usr/share/texmf/tex/latex/amsfonts/umsa.fd
File: umsa.fd 2002/01/19 v2.2g AMS font definitions
)
LaTeX Font Info:    Try loading font information for U+msb on input line 19.

(/usr/share/texmf/tex/latex/amsfonts/umsb.fd
File: umsb.fd 2002/01/19 v2.2g AMS font definitions
)
Missing character: There is no ^^e3 in font cmr12!
 [1

] (./espec_manual1.toc [2])
\tf@toc=\write3
\openout3 = `espec_manual1.toc'.


[3]
Overfull \hbox (4.26187pt too wide) in paragraph at lines 34--35
[]\OT1/cmr/m/n/10.95 The main fea-ture im-ple-mented in this pro-gram in-tends 
to con-struct eletron-vibrational
 []

[4]
Overfull \hbox (3.07307pt too wide) in paragraph at lines 194--195
[]\OT1/cmr/m/n/10.95 This is the most im-por-tant and al-ways nec-es-sary group
 in the in-put of \OT1/cmr/m/sc/10.95 e\OT1/cmr/m/it/10.95 SP\OT1/cmr/m/sc/10.9
5 ec\OT1/cmr/m/n/10.95 program.
 []

[5] [6]
Underfull \hbox (badness 10000) in paragraph at lines 196--213

 []


Underfull \hbox (badness 10000) in paragraph at lines 216--218

 []

LaTeX Font Info:    Try loading font information for OMS+cmr on input line 232.

(/usr/share/texmf/tex/latex/base/omscmr.fd
File: omscmr.fd 1999/05/25 v2.5h Standard LaTeX font definitions
)
LaTeX Font Info:    Font shape `OMS/cmr/m/n' in size <10.95> not available
(Font)              Font shape `OMS/cmsy/m/n' tried instead on input line 232.

Underfull \hbox (badness 10000) in paragraph at lines 232--234

 []


Underfull \hbox (badness 10000) in paragraph at lines 240--242

 []

[7]
Underfull \hbox (badness 10000) in paragraph at lines 248--250

 []


Underfull \hbox (badness 10000) in paragraph at lines 258--260

 []


Underfull \hbox (badness 10000) in paragraph at lines 266--268

 []


Underfull \hbox (badness 10000) in paragraph at lines 275--277

 []

[8]

LaTeX Warning: Reference `fig:grid' on page 9 undefined on input line 311.

[9] [10]

LaTeX Warning: Citation `ref:' on page 11 undefined on input line 388.


LaTeX Warning: Citation `ref:' on page 11 undefined on input line 395.


LaTeX Warning: Reference `eq:morse' on page 11 undefined on input line 395.


LaTeX Warning: Citation `ref:' on page 11 undefined on input line 410.

[11]

LaTeX Warning: Citation `ref:' on page 12 undefined on input line 452.


Underfull \hbox (badness 10000) in paragraph at lines 497--499

 []


Underfull \hbox (badness 10000) in paragraph at lines 511--513

 []

[12]
Underfull \hbox (badness 10000) in paragraph at lines 525--527

 []


Overfull \hbox (8.1901pt too wide) in paragraph at lines 540--542
\OT1/cmr/m/n/10.95 time de-pen-dent ef-fec-tive po-ten-tial is printed in ex-te
r-nal out-put files named \OT1/cmtt/m/n/10.95 veff[]ijlk.dat\OT1/cmr/m/n/10.95 
,
 []


Underfull \hbox (badness 10000) in paragraph at lines 540--542

 []


Underfull \hbox (badness 10000) in paragraph at lines 554--556

 []

[13]
Underfull \hbox (badness 10000) in paragraph at lines 567--569

 []


Underfull \hbox (badness 10000) in paragraph at lines 581--583

 []

[14]

LaTeX Warning: Reference `sec:seed' on page 15 undefined on input line 623.

[15] [16] (./espec_manual1.aux)

LaTeX Warning: There were undefined references.


LaTeX Warning: There were multiply-defined labels.

 ) 
Here is how much of TeX's memory you used:
 1907 strings out of 95847
 22676 string characters out of 1195948
 79753 words of memory out of 1000001
 4828 multiletter control sequences out of 10000+50000
 14254 words of font info for 52 fonts, out of 500000 for 1000
 14 hyphenation exceptions out of 1000
 25i,11n,24p,909b,482s stack positions out of 1500i,500n,5000p,200000b,5000s

Output written on espec_manual1.dvi (16 pages, 49920 bytes).
